<?xml version="1.0" encoding="UTF-8"?>
<!-- Generated by org.testng.reporters.JUnitXMLReporter -->
<testsuite ignored="0" hostname="DESKTOP-LB2G77M" failures="0" tests="8" name="mAadhar-Application-Test" time="62.111" errors="0" timestamp="2023-08-04T01:14:39 IST">
  <testcase classname="gov.app.test.mAadharTestClass" name="HomePageTest" time="2.292"/>
  <testcase classname="gov.app.test.mAadharTestClass" name="UserRegsitrationTestInvalid" time="8.401"/>
  <testcase classname="gov.app.test.mAadharTestClass" name="UserRegsitrationTestValid" time="7.817"/>
  <testcase classname="gov.app.test.mAadharTestClass" name="AdminRegsitrationTestValid" time="7.574"/>
  <testcase classname="gov.app.test.mAadharTestClass" name="AdminLoginTest" time="11.403"/>
  <testcase classname="gov.app.test.mAadharTestClass" name="CitizenLoginTest1" time="6.753"/>
  <testcase classname="gov.app.test.mAadharTestClass" name="CitizenLoginTest2" time="6.627"/>
  <testcase classname="gov.app.test.mAadharTestClass" name="CitizenLoginTest3" time="6.807"/>
</testsuite> <!-- mAadhar-Application-Test -->
